<?xml version="1.0" encoding="UTF-8"?>
<!-- Generated by org.testng.reporters.JUnitXMLReporter -->
<testsuite hostname="win764bit" name="Default test" tests="1" failures="1" timestamp="5 Aug 2014 19:43:50 GMT" time="108.245" errors="0">
  <testcase name="TestCase1" time="92.658" classname="persistent.wordpressautomation.PageObject_TC">
    <failure type="java.lang.RuntimeException" message="java.lang.InstantiationException: persistent.wordpressautomation.PageObjects.Post">
      <![CDATA[java.lang.RuntimeException: java.lang.InstantiationException: persistent.wordpressautomation.PageObjects.Post
	at org.openqa.selenium.support.PageFactory.instantiatePage(PageFactory.java:136)
	at org.openqa.selenium.support.PageFactory.initElements(PageFactory.java:66)
	at persistent.wordpressautomation.PageObjects.Dashboard.click_New_Post(Dashboard.java:53)
	at persistent.wordpressautomation.PageObject_TC.TestCase1(PageObject_TC.java:30)
	at sun.reflect.NativeMethodAccessorImpl.invoke0(Native Method)
	at sun.reflect.NativeMethodAccessorImpl.invoke(Unknown Source)
	at sun.reflect.DelegatingMethodAccessorImpl.invoke(Unknown Source)
	at java.lang.reflect.Method.invoke(Unknown Source)
	at org.testng.internal.MethodInvocationHelper.invokeMethod(MethodInvocationHelper.java:84)
	at org.testng.internal.Invoker.invokeMethod(Invoker.java:714)
	at org.testng.internal.Invoker.invokeTestMethod(Invoker.java:901)
	at org.testng.internal.Invoker.invokeTestMethods(Invoker.java:1231)
	at org.testng.internal.TestMethodWorker.invokeTestMethods(TestMethodWorker.java:127)
	at org.testng.internal.TestMethodWorker.run(TestMethodWorker.java:111)
	at org.testng.TestRunner.privateRun(TestRunner.java:767)
	at org.testng.TestRunner.run(TestRunner.java:617)
	at org.testng.SuiteRunner.runTest(SuiteRunner.java:334)
	at org.testng.SuiteRunner.runSequentially(SuiteRunner.java:329)
	at org.testng.SuiteRunner.privateRun(SuiteRunner.java:291)
	at org.testng.SuiteRunner.run(SuiteRunner.java:240)
	at org.testng.SuiteRunnerWorker.runSuite(SuiteRunnerWorker.java:52)
	at org.testng.SuiteRunnerWorker.run(SuiteRunnerWorker.java:86)
	at org.testng.TestNG.runSuitesSequentially(TestNG.java:1224)
	at org.testng.TestNG.runSuitesLocally(TestNG.java:1149)
	at org.testng.TestNG.run(TestNG.java:1057)
	at org.testng.remote.RemoteTestNG.run(RemoteTestNG.java:111)
	at org.testng.remote.RemoteTestNG.initAndRun(RemoteTestNG.java:204)
	at org.testng.remote.RemoteTestNG.main(RemoteTestNG.java:175)
Caused by: java.lang.InstantiationException: persistent.wordpressautomation.PageObjects.Post
	at java.lang.Class.newInstance0(Unknown Source)
	at java.lang.Class.newInstance(Unknown Source)
	at org.openqa.selenium.support.PageFactory.instantiatePage(PageFactory.java:133)
	... 27 more
]]>
    </failure>
  </testcase> <!-- TestCase1 -->
</testsuite> <!-- Default test -->
